<?xml version="1.0" encoding="UTF-8"?>
<testng-results ignored="0" total="2" passed="2" failed="0" skipped="0">
  <reporter-output>
  </reporter-output>
  <suite started-at="2022-11-19T12:16:39 IST" name="Default suite" finished-at="2022-11-19T12:16:41 IST" duration-ms="2239">
    <groups>
    </groups>
    <test started-at="2022-11-19T12:16:39 IST" name="Default test" finished-at="2022-11-19T12:16:41 IST" duration-ms="2239">
      <class name="com.abc.nonbdd.ReqSpec2">
        <test-method is-config="true" signature="reqSpec()[pri:0, instance:com.abc.nonbdd.ReqSpec2@272ed83b]" started-at="2022-11-19T12:16:39 IST" name="reqSpec" finished-at="2022-11-19T12:16:40 IST" duration-ms="524" status="PASS">
          <reporter-output>
          </reporter-output>
        </test-method> <!-- reqSpec -->
        <test-method signature="post()[pri:1, instance:com.abc.nonbdd.ReqSpec2@272ed83b]" started-at="2022-11-19T12:16:40 IST" name="post" finished-at="2022-11-19T12:16:41 IST" duration-ms="1368" status="PASS">
          <reporter-output>
          </reporter-output>
        </test-method> <!-- post -->
        <test-method is-config="true" signature="reqSpec()[pri:0, instance:com.abc.nonbdd.ReqSpec2@272ed83b]" started-at="2022-11-19T12:16:41 IST" name="reqSpec" finished-at="2022-11-19T12:16:41 IST" duration-ms="2" status="PASS">
          <reporter-output>
          </reporter-output>
        </test-method> <!-- reqSpec -->
        <test-method signature="get()[pri:2, instance:com.abc.nonbdd.ReqSpec2@272ed83b]" started-at="2022-11-19T12:16:41 IST" name="get" finished-at="2022-11-19T12:16:41 IST" duration-ms="311" status="PASS">
          <reporter-output>
          </reporter-output>
        </test-method> <!-- get -->
      </class> <!-- com.abc.nonbdd.ReqSpec2 -->
    </test> <!-- Default test -->
  </suite> <!-- Default suite -->
</testng-results>
